<?xml version="1.0" encoding="UTF-8"?>
<!-- Generated by org.testng.reporters.JUnitReportReporter -->
<testsuite hostname="DESKTOP-QM8UVH7" failures="0" tests="1" name="maltaAir.BookingTest" time="16.469" errors="0" timestamp="2023-10-29T12:50:14 EET" skipped="0">
  <testcase classname="maltaAir.BookingTest" name="booking" time="16.469"/>
  <system-out/>
</testsuite> <!-- maltaAir.BookingTest -->
